<?xml version="1.0" encoding="UTF-8"?>
<!-- Generated by org.testng.reporters.JUnitReportReporter -->
<testsuite hostname="DESKTOP-M4GRLMR" failures="0" tests="1" name="myPackage.MyFirstTestCASES" time="14.036" errors="0" timestamp="2023-10-14T13:52:28 EET" skipped="0">
  <testcase classname="myPackage.MyFirstTestCASES" name="testOneApp" time="14.036"/>
  <system-out/>
</testsuite> <!-- myPackage.MyFirstTestCASES -->
